0 info it worked if it ends with ok
1 verbose cli [ '/usr/local/Cellar/node/4.2.1/bin/node',
1 verbose cli   '/usr/local/bin/npm',
1 verbose cli   'run',
1 verbose cli   'develop' ]
2 info using npm@2.14.7
3 info using node@v4.2.1
4 verbose stack Error: Failed to parse json
4 verbose stack Unexpected token 'o' at 11:94
4 verbose stack dev-server --config ./build/webpack.conf.js --port 8883 && open -a "Google Chro
4 verbose stack                                                                      ^
4 verbose stack     at parseError (/usr/local/lib/node_modules/npm/node_modules/read-package-json/read-json.js:379:11)
4 verbose stack     at parseJson (/usr/local/lib/node_modules/npm/node_modules/read-package-json/read-json.js:68:23)
4 verbose stack     at /usr/local/lib/node_modules/npm/node_modules/read-package-json/read-json.js:48:5
4 verbose stack     at /usr/local/lib/node_modules/npm/node_modules/graceful-fs/graceful-fs.js:76:16
4 verbose stack     at FSReqWrap.readFileAfterClose [as oncomplete] (fs.js:380:3)
5 verbose cwd /Users/joejung/Documents/Development/projects/webpack-starter-kit/src/public
6 error Darwin 14.4.0
7 error argv "/usr/local/Cellar/node/4.2.1/bin/node" "/usr/local/bin/npm" "run" "develop"
8 error node v4.2.1
9 error npm  v2.14.7
10 error file /Users/joejung/Documents/Development/projects/webpack-starter-kit/package.json
11 error code EJSONPARSE
12 error Failed to parse json
12 error Unexpected token 'o' at 11:94
12 error dev-server --config ./build/webpack.conf.js --port 8883 && open -a "Google Chro
12 error                                                                      ^
13 error File: /Users/joejung/Documents/Development/projects/webpack-starter-kit/package.json
14 error Failed to parse package.json data.
14 error package.json must be actual JSON, not just JavaScript.
14 error
14 error This is not a bug in npm.
14 error Tell the package author to fix their package.json file. JSON.parse
15 verbose exit [ 1, true ]
